Using pre-set license
Built from '2020.3/release' branch; Version is '2020.3.2f1 (8fd9074bf66c) revision 9427207'; Using compiler version '192528614'; Build Type 'Release'
OS: 'Windows 10 Home; OS build 19041.867; Version 2004; 64bit' Language: 'en' Physical Memory: 32700 MB
BatchMode: 1, IsHumanControllingUs: 0, StartBugReporterOnCrash: 0, Is64bit: 1, IsPro: 0

 COMMAND LINE ARGUMENTS:
D:\Dev\Unity\2020.3.2f1\Editor\Unity.exe
-adb2
-batchMode
-noUpm
-name
AssetImportWorker0
-projectPath
D:/Dev/Unity_Projects/TestEffects_URP
-logFile
Logs/AssetImportWorker0.log
-srvPort
54343
Successfully changed project path to: D:/Dev/Unity_Projects/TestEffects_URP
D:/Dev/Unity_Projects/TestEffects_URP
Using Asset Import Pipeline V2.
Refreshing native plugins compatible for Editor in 34.79 ms, found 0 plugins.
Preloading 0 native plugins for Editor in 0.00 ms.
Initialize engine version: 2020.3.2f1 (8fd9074bf66c)
[Subsystems] Discovering subsystems at path D:/Dev/Unity/2020.3.2f1/Editor/Data/Resources/UnitySubsystems
[Subsystems] Discovering subsystems at path D:/Dev/Unity_Projects/TestEffects_URP/Assets
GfxDevice: creating device client; threaded=0
Direct3D:
    Version:  Direct3D 11.0 [level 11.1]
    Renderer: NVIDIA GeForce RTX 2080 SUPER (ID=0x1e81)
    Vendor:   
    VRAM:     8010 MB
    Driver:   27.21.14.6140
Shader 'Universal Render Pipeline/Particles/Lit': fallback shader 'Universal Render Pipeline/Particles/SimpleLit' not found
Initialize mono
Mono path[0] = 'D:/Dev/Unity/2020.3.2f1/Editor/Data/Managed'
Mono path[1] = 'D:/Dev/Unity/2020.3.2f1/Editor/Data/MonoBleedingEdge/lib/mono/unityjit'
Mono config path = 'D:/Dev/Unity/2020.3.2f1/Editor/Data/MonoBleedingEdge/etc'
Using monoOptions --debugger-agent=transport=dt_socket,embedding=1,server=y,suspend=n,address=127.0.0.1:56644
Begin MonoManager ReloadAssembly
Registering precompiled unity dll's ...
Register platform support module: D:/Dev/Unity/2020.3.2f1/Editor/Data/PlaybackEngines/WebGLSupport/UnityEditor.WebGL.Extensions.dll
Register platform support module: D:/Dev/Unity/2020.3.2f1/Editor/Data/PlaybackEngines/WindowsStandaloneSupport/UnityEditor.WindowsStandalone.Extensions.dll
Register platform support module: D:/Dev/Unity/2020.3.2f1/Editor/Data/PlaybackEngines/LinuxStandaloneSupport/UnityEditor.LinuxStandalone.Extensions.dll
Registered in 0.001225 seconds.
Native extension for LinuxStandalone target not found
Native extension for WindowsStandalone target not found
Native extension for WebGL target not found
Refreshing native plugins compatible for Editor in 36.52 ms, found 0 plugins.
Preloading 0 native plugins for Editor in 0.00 ms.
Invoked RoslynAnalysisRunner static constructor.
RoslynAnalysisRunner will not be running.
RoslynAnalysisRunner has terminated.
Mono: successfully reloaded assembly
- Completed reload, in  1.190 seconds
Platform modules already initialized, skipping
Registering precompiled user dll's ...
Registered in 0.000838 seconds.
Begin MonoManager ReloadAssembly
Native extension for LinuxStandalone target not found
Native extension for WindowsStandalone target not found
Native extension for WebGL target not found
Refreshing native plugins compatible for Editor in 37.80 ms, found 0 plugins.
Preloading 0 native plugins for Editor in 0.00 ms.
Invoked RoslynAnalysisRunner static constructor.
RoslynAnalysisRunner will not be running.
RoslynAnalysisRunner has terminated.
Mono: successfully reloaded assembly
- Completed reload, in  0.751 seconds
Platform modules already initialized, skipping
========================================================================
Worker process is ready to serve import requests
Shader 'Universal Render Pipeline/Particles/Lit': fallback shader 'Universal Render Pipeline/Particles/SimpleLit' not found
Launched and connected shader compiler UnityShaderCompiler.exe after 0.07 seconds
Refreshing native plugins compatible for Editor in 0.35 ms, found 0 plugins.
Preloading 0 native plugins for Editor in 0.00 ms.
Unloading 2441 Unused Serialized files (Serialized files now loaded: 0)
System memory in use before: 120.9 MB.
System memory in use after: 118.8 MB.

Unloading 38 unused Assets to reduce memory usage. Loaded Objects now: 2857.
Total: 2.773500 ms (FindLiveObjects: 0.211900 ms CreateObjectMapping: 0.114900 ms MarkObjects: 1.571900 ms  DeleteObjects: 0.874100 ms)

========================================================================
Received Import Request.
  path: Assets/Textures/SoftSquare1.png
  artifactKey: Guid(9f4da59e3bf0d5146b8335974dc91a70) Importer(815301076,1909f56bfc062723c751e8b465ee728b)
Start importing Assets/Textures/SoftSquare1.png using Guid(9f4da59e3bf0d5146b8335974dc91a70) Importer(815301076,1909f56bfc062723c751e8b465ee728b)  -> (artifact id: '0e0083970982c8349624d2d2412cc042') in 0.470406 seconds
  Import took 0.473710 seconds .

========================================================================
Received Import Request.
  Time since last request: 0.000266 seconds.
  path: Assets/Textures/SmokeSpriteSheet_a.png
  artifactKey: Guid(747b5827b0dc5ed40ab0a0af063dd6b1) Importer(815301076,1909f56bfc062723c751e8b465ee728b)
Start importing Assets/Textures/SmokeSpriteSheet_a.png using Guid(747b5827b0dc5ed40ab0a0af063dd6b1) Importer(815301076,1909f56bfc062723c751e8b465ee728b)  -> (artifact id: '8ba02366250a3796ba0ef114f0403915') in 0.017087 seconds
  Import took 0.020115 seconds .

========================================================================
Received Import Request.
  Time since last request: 0.000218 seconds.
  path: Assets/Textures/SoftSquare2.png
  artifactKey: Guid(5be9b93a3287131458d0ed2b22412a91) Importer(815301076,1909f56bfc062723c751e8b465ee728b)
Start importing Assets/Textures/SoftSquare2.png using Guid(5be9b93a3287131458d0ed2b22412a91) Importer(815301076,1909f56bfc062723c751e8b465ee728b)  -> (artifact id: 'f502b78f62038407e1b1b911913640fa') in 0.009436 seconds
  Import took 0.012597 seconds .

========================================================================
Received Import Request.
  Time since last request: 0.000228 seconds.
  path: Assets/Textures/SmokeSpriteSheet_a.png
  artifactKey: Guid(747b5827b0dc5ed40ab0a0af063dd6b1) Importer(815301076,1909f56bfc062723c751e8b465ee728b)
Start importing Assets/Textures/SmokeSpriteSheet_a.png using Guid(747b5827b0dc5ed40ab0a0af063dd6b1) Importer(815301076,1909f56bfc062723c751e8b465ee728b)  -> (artifact id: '8ba02366250a3796ba0ef114f0403915') in 0.008767 seconds
  Import took 0.011883 seconds .

========================================================================
Received Import Request.
  Time since last request: 0.000226 seconds.
  path: Assets/Textures/SoftSquare.png
  artifactKey: Guid(9e76c3baefd1be646acda82e618d81c9) Importer(815301076,1909f56bfc062723c751e8b465ee728b)
Start importing Assets/Textures/SoftSquare.png using Guid(9e76c3baefd1be646acda82e618d81c9) Importer(815301076,1909f56bfc062723c751e8b465ee728b)  -> (artifact id: '0b106c27db49554d3f2c3e7d03ca7697') in 0.008046 seconds
  Import took 0.011359 seconds .

========================================================================
Received Import Request.
  Time since last request: 0.000228 seconds.
  path: Assets/Textures/SoftDot.jpg
  artifactKey: Guid(db0ce412283760744856a1bea7d21096) Importer(815301076,1909f56bfc062723c751e8b465ee728b)
Start importing Assets/Textures/SoftDot.jpg using Guid(db0ce412283760744856a1bea7d21096) Importer(815301076,1909f56bfc062723c751e8b465ee728b)  -> (artifact id: '2e185352f74e2c4cc15f16332cd41565') in 0.011357 seconds
  Import took 0.014523 seconds .

AssetImportWorkerClient::OnTransportError - code=2 error=End of file
